[ 2026-04-12 11:23:36,329 ] 97 werkzeug - INFO - [31m[1mWARNING: This is a development server. Do not use it in a production deployment. Use a production WSGI server instead.[0m
 * Running on all addresses (0.0.0.0)
 * Running on http://127.0.0.1:5000
 * Running on http://172.20.10.4:5000
[ 2026-04-12 11:23:36,329 ] 97 werkzeug - INFO - [33mPress CTRL+C to quit[0m
[ 2026-04-12 11:24:57,141 ] 875 app - ERROR - Exception on / [GET]
Traceback (most recent call last):
  File "D:\code\ML Project\venv\Lib\site-packages\flask\app.py", line 1511, in wsgi_app
    response = self.full_dispatch_request()
  File "D:\code\ML Project\venv\Lib\site-packages\flask\app.py", line 919, in full_dispatch_request
    rv = self.handle_user_exception(e)
  File "D:\code\ML Project\venv\Lib\site-packages\flask\app.py", line 917, in full_dispatch_request
    rv = self.dispatch_request()
  File "D:\code\ML Project\venv\Lib\site-packages\flask\app.py", line 902, in dispatch_request
    return self.ensure_sync(self.view_functions[rule.endpoint])(**view_args)  # type: ignore[no-any-return]
           ~~~~~~~~~~~~~~~~~~~~~~~~~~~~~~~~~~~~~~~~~~~~~~~~~~~~^^^^^^^^^^^^^
  File "D:\code\ML Project\app.py", line 16, in index
    return render_template('index.html')
           ^^^^^^^^^^^^^^^
NameError: name 'render_template' is not defined
[ 2026-04-12 11:24:57,145 ] 97 werkzeug - INFO - 127.0.0.1 - - [12/Apr/2026 11:24:57] "[35m[1mGET / HTTP/1.1[0m" 500 -
[ 2026-04-12 11:24:57,179 ] 97 werkzeug - INFO - 127.0.0.1 - - [12/Apr/2026 11:24:57] "[33mGET /favicon.ico HTTP/1.1[0m" 404 -
[ 2026-04-12 11:25:32,432 ] 875 app - ERROR - Exception on / [GET]
Traceback (most recent call last):
  File "D:\code\ML Project\venv\Lib\site-packages\flask\app.py", line 1511, in wsgi_app
    response = self.full_dispatch_request()
  File "D:\code\ML Project\venv\Lib\site-packages\flask\app.py", line 919, in full_dispatch_request
    rv = self.handle_user_exception(e)
  File "D:\code\ML Project\venv\Lib\site-packages\flask\app.py", line 917, in full_dispatch_request
    rv = self.dispatch_request()
  File "D:\code\ML Project\venv\Lib\site-packages\flask\app.py", line 902, in dispatch_request
    return self.ensure_sync(self.view_functions[rule.endpoint])(**view_args)  # type: ignore[no-any-return]
           ~~~~~~~~~~~~~~~~~~~~~~~~~~~~~~~~~~~~~~~~~~~~~~~~~~~~^^^^^^^^^^^^^
  File "D:\code\ML Project\app.py", line 16, in index
    return render_template('index.html')
           ^^^^^^^^^^^^^^^
NameError: name 'render_template' is not defined
[ 2026-04-12 11:25:32,434 ] 97 werkzeug - INFO - 127.0.0.1 - - [12/Apr/2026 11:25:32] "[35m[1mGET / HTTP/1.1[0m" 500 -
[ 2026-04-12 11:26:06,828 ] 875 app - ERROR - Exception on / [GET]
Traceback (most recent call last):
  File "D:\code\ML Project\venv\Lib\site-packages\flask\app.py", line 1511, in wsgi_app
    response = self.full_dispatch_request()
  File "D:\code\ML Project\venv\Lib\site-packages\flask\app.py", line 919, in full_dispatch_request
    rv = self.handle_user_exception(e)
  File "D:\code\ML Project\venv\Lib\site-packages\flask\app.py", line 917, in full_dispatch_request
    rv = self.dispatch_request()
  File "D:\code\ML Project\venv\Lib\site-packages\flask\app.py", line 902, in dispatch_request
    return self.ensure_sync(self.view_functions[rule.endpoint])(**view_args)  # type: ignore[no-any-return]
           ~~~~~~~~~~~~~~~~~~~~~~~~~~~~~~~~~~~~~~~~~~~~~~~~~~~~^^^^^^^^^^^^^
  File "D:\code\ML Project\app.py", line 16, in index
    return render_template('index.html')
           ^^^^^^^^^^^^^^^
NameError: name 'render_template' is not defined
[ 2026-04-12 11:26:06,829 ] 97 werkzeug - INFO - 127.0.0.1 - - [12/Apr/2026 11:26:06] "[35m[1mGET / HTTP/1.1[0m" 500 -
